[backblue.gif]
[fade.gif]
[index.html]
[use.typekit.net/ik/mRaBmKA8QuizbWJPqr3QlMcFht7csFJxckjx55cTmU3felJgfHYEBsJzwD9oFDIDWDStZ24KZew3ZAbXwRBRF26DFA9owDgKFR8KwQ4yjDjkjABy5QMuwDI-mkG0dW83da4XZcNC-Av0jhNlOfG0SY4zwKuh-AmaOcuoSeNkieZzde8zOcFzdPUlpWgz]
[pro2-bar-s3-cdn-cf.myportfolio.com/b107f0d4-1d73-44da-a350-5d1fdafd38e7/84b0d53e-73ef-45da-a6fc-1826dedaba29_carw_202x158x32c8f4.png]
[pro2-bar-s3-cdn-cf3.myportfolio.com/b107f0d4-1d73-44da-a350-5d1fdafd38e7/e78e5b66-7f83-44fd-8ec6-03ead0cc264f_rwc_0x1221x3840x3002x329b48.png]
[pro2-bar-s3-cdn-cf6.myportfolio.com/b107f0d4-1d73-44da-a350-5d1fdafd38e7/a62edc15-1856-424a-a577-80d1752ffa43_carw_202x158x3289c0.png]
[pro2-bar-s3-cdn-cf1.myportfolio.com/b107f0d4-1d73-44da-a350-5d1fdafd38e7/9e37dfb2-1de0-4320-9cd8-26c7b774ae38_rwc_0x0x2762x2160x328b33.png]
[pro2-bar-s3-cdn-cf6.myportfolio.com/b107f0d4-1d73-44da-a350-5d1fdafd38e7/762f6dde-fa32-402b-a807-73f32cf47d64_rwc_757x1010x2315x1810x3225e2.jpg]
[pro2-bar-s3-cdn-cf3.myportfolio.com/b107f0d4-1d73-44da-a350-5d1fdafd38e7/e3c01d8f-cd94-4b39-b449-f53cb4f1553b_carw_202x158x3215a3.png]
[pro2-bar-s3-cdn-cf3.myportfolio.com/b107f0d4-1d73-44da-a350-5d1fdafd38e7/e6980932-6915-42e4-9dd8-be39096a4f37_rwc_194x0x1381x1080x325b5b.png]
[pro2-bar-s3-cdn-cf1.myportfolio.com/b107f0d4-1d73-44da-a350-5d1fdafd38e7/c22ccc4c-ff3f-4cbf-86ca-52f529853571_carw_202x158x329ffd.jpg]
[pro2-bar-s3-cdn-cf4.myportfolio.com/b107f0d4-1d73-44da-a350-5d1fdafd38e7/5ffa7a5c-dbb4-4cee-811a-316dbc33f017_carw_202x158x326c50.jpg]
[pro2-bar-s3-cdn-cf3.myportfolio.com/b107f0d4-1d73-44da-a350-5d1fdafd38e7/4520ee61-d647-4f0a-be63-66f02eb5cd6f_carw_202x158x32b7a2.png]
[pro2-bar-s3-cdn-cf1.myportfolio.com/b107f0d4-1d73-44da-a350-5d1fdafd38e7/24e812f3-cd3b-4520-808b-03d39494df43_carw_202x158x3217c3.jpg]
[atharvakhole.myportfolio.com/site/translations9089]
[atharvakhole.myportfolio.com/dist/js/main9089.js]
[atharvakhole.myportfolio.com/index.html]
[atharvakhole.myportfolio.com/dist/css/main.css]
[pro2-bar-s3-cdn-cf3.myportfolio.com/b107f0d4-1d73-44da-a350-5d1fdafd38e7/eddd55c35e70dffb8dd0823394c822a416378750905a48.css]
[atharvakhole.myportfolio.com/work.html]
[atharvakhole.myportfolio.com/contact.html]
[pro2-bar-s3-cdn-cf6.myportfolio.com/b107f0d4-1d73-44da-a350-5d1fdafd38e7/a404da98-2c0f-4fdd-bc52-6c3008147c80fd51.png]
[pro2-bar-s3-cdn-cf6.myportfolio.com/b107f0d4-1d73-44da-a350-5d1fdafd38e7/a404da98-2c0f-4fdd-bc52-6c3008147c80_rw_38406262.png]
[pro2-bar-s3-cdn-cf1.myportfolio.com/b107f0d4-1d73-44da-a350-5d1fdafd38e7/c2e962c9-6e1d-40ac-bfac-56e2210dc61e9b5b.png]
[pro2-bar-s3-cdn-cf1.myportfolio.com/b107f0d4-1d73-44da-a350-5d1fdafd38e7/c2e962c9-6e1d-40ac-bfac-56e2210dc61e_rw_38401bcb.png]
[pro2-bar-s3-cdn-cf6.myportfolio.com/b107f0d4-1d73-44da-a350-5d1fdafd38e7/7161b700-d722-479e-ab9c-44fee69927d20328.png]
[pro2-bar-s3-cdn-cf6.myportfolio.com/b107f0d4-1d73-44da-a350-5d1fdafd38e7/7161b700-d722-479e-ab9c-44fee69927d2_rw_3840492a.png]
[pro2-bar-s3-cdn-cf5.myportfolio.com/b107f0d4-1d73-44da-a350-5d1fdafd38e7/6f0e6f22-58b6-43c0-a55e-f48fa91232b7f612.png]
[pro2-bar-s3-cdn-cf5.myportfolio.com/b107f0d4-1d73-44da-a350-5d1fdafd38e7/6f0e6f22-58b6-43c0-a55e-f48fa91232b7_rw_1920a384.png]
[pro2-bar-s3-cdn-cf5.myportfolio.com/b107f0d4-1d73-44da-a350-5d1fdafd38e7/68b11b29-02c8-4f3c-bc7b-bd54172e083e4d8f.png]
[pro2-bar-s3-cdn-cf5.myportfolio.com/b107f0d4-1d73-44da-a350-5d1fdafd38e7/68b11b29-02c8-4f3c-bc7b-bd54172e083e_rw_12005632.png]
[pro2-bar-s3-cdn-cf.myportfolio.com/b107f0d4-1d73-44da-a350-5d1fdafd38e7/14fbb6d2-ae5b-4420-85b4-f52b1153c168f70c.jpg]
[pro2-bar-s3-cdn-cf.myportfolio.com/b107f0d4-1d73-44da-a350-5d1fdafd38e7/14fbb6d2-ae5b-4420-85b4-f52b1153c168_rw_3840db1c.jpg]
[atharvakhole.myportfolio.com/ezlists.html]
[atharvakhole.myportfolio.com/armaggeddon-website-redesign.html]
[pro2-bar-s3-cdn-cf1.myportfolio.com/b107f0d4-1d73-44da-a350-5d1fdafd38e7/2c977326-99ac-4fd0-bb21-86ee7c20743e8c8b.png]
[pro2-bar-s3-cdn-cf1.myportfolio.com/b107f0d4-1d73-44da-a350-5d1fdafd38e7/2c977326-99ac-4fd0-bb21-86ee7c20743e_rw_600ff27.png]
[pro2-bar-s3-cdn-cf1.myportfolio.com/b107f0d4-1d73-44da-a350-5d1fdafd38e7/c0ee76ef-bc4d-42ec-a204-185af063c3baea25.png]
[pro2-bar-s3-cdn-cf1.myportfolio.com/b107f0d4-1d73-44da-a350-5d1fdafd38e7/c0ee76ef-bc4d-42ec-a204-185af063c3ba_rw_1920ded6.png]
[pro2-bar-s3-cdn-cf.myportfolio.com/b107f0d4-1d73-44da-a350-5d1fdafd38e7/135c4b40-32d4-4af3-9c4e-ba197a81fe26bb24.png]
[pro2-bar-s3-cdn-cf.myportfolio.com/b107f0d4-1d73-44da-a350-5d1fdafd38e7/135c4b40-32d4-4af3-9c4e-ba197a81fe26_rw_192074b9.png]
[atharvakhole.myportfolio.com/travelbug.html]
[pro2-bar-s3-cdn-cf4.myportfolio.com/b107f0d4-1d73-44da-a350-5d1fdafd38e7/50884e0b-f207-4bc0-b16c-dda0a7dd66919370.png]
[pro2-bar-s3-cdn-cf4.myportfolio.com/b107f0d4-1d73-44da-a350-5d1fdafd38e7/50884e0b-f207-4bc0-b16c-dda0a7dd6691_rw_19200816.png]
[pro2-bar-s3-cdn-cf3.myportfolio.com/b107f0d4-1d73-44da-a350-5d1fdafd38e7/e7ca19f4-3015-426b-a7c3-96337988f7399a5a.png]
[pro2-bar-s3-cdn-cf3.myportfolio.com/b107f0d4-1d73-44da-a350-5d1fdafd38e7/e7ca19f4-3015-426b-a7c3-96337988f739_rw_600e32b.png]
[pro2-bar-s3-cdn-cf1.myportfolio.com/b107f0d4-1d73-44da-a350-5d1fdafd38e7/2dbfe2fc-30db-45c2-97cf-34d5b3ddff15555f.png]
[pro2-bar-s3-cdn-cf1.myportfolio.com/b107f0d4-1d73-44da-a350-5d1fdafd38e7/2dbfe2fc-30db-45c2-97cf-34d5b3ddff15_rw_12009353.png]
[pro2-bar-s3-cdn-cf6.myportfolio.com/b107f0d4-1d73-44da-a350-5d1fdafd38e7/771c6eee-6201-4ecf-9ac3-acf82cd8cd3454ab.jpg]
[pro2-bar-s3-cdn-cf6.myportfolio.com/b107f0d4-1d73-44da-a350-5d1fdafd38e7/771c6eee-6201-4ecf-9ac3-acf82cd8cd34_rw_3840ed62.jpg]
[pro2-bar-s3-cdn-cf3.myportfolio.com/b107f0d4-1d73-44da-a350-5d1fdafd38e7/efa91339-2eeb-4eb0-85f9-55e88a058bea34da.png]
[pro2-bar-s3-cdn-cf3.myportfolio.com/b107f0d4-1d73-44da-a350-5d1fdafd38e7/efa91339-2eeb-4eb0-85f9-55e88a058bea_rw_38405ee4.png]
[atharvakhole.myportfolio.com/there-is-no-mars.html]
[pro2-bar-s3-cdn-cf6.myportfolio.com/b107f0d4-1d73-44da-a350-5d1fdafd38e7/ac7e817f-f0af-41a8-8abb-6caca5535fe40dca.png]
[pro2-bar-s3-cdn-cf6.myportfolio.com/b107f0d4-1d73-44da-a350-5d1fdafd38e7/ac7e817f-f0af-41a8-8abb-6caca5535fe4_rw_3840ec9c.png]
[pro2-bar-s3-cdn-cf6.myportfolio.com/b107f0d4-1d73-44da-a350-5d1fdafd38e7/a56565be-7814-48c9-8589-8269dfb0c2ee81c4.jpg]
[pro2-bar-s3-cdn-cf6.myportfolio.com/b107f0d4-1d73-44da-a350-5d1fdafd38e7/a56565be-7814-48c9-8589-8269dfb0c2ee_rw_3840ab4e.jpg]
[pro2-bar-s3-cdn-cf1.myportfolio.com/b107f0d4-1d73-44da-a350-5d1fdafd38e7/9436314f-5db9-4d4d-9664-9e0416040763573c.png]
[pro2-bar-s3-cdn-cf1.myportfolio.com/b107f0d4-1d73-44da-a350-5d1fdafd38e7/9436314f-5db9-4d4d-9664-9e0416040763_rw_3840aef6.png]
[atharvakhole.myportfolio.com/mooncake-packaging.html]
[pro2-bar-s3-cdn-cf6.myportfolio.com/b107f0d4-1d73-44da-a350-5d1fdafd38e7/08e15068-38eb-4c74-80e5-90a60371b0e5461c.png]
[pro2-bar-s3-cdn-cf6.myportfolio.com/b107f0d4-1d73-44da-a350-5d1fdafd38e7/08e15068-38eb-4c74-80e5-90a60371b0e5_rw_38407848.png]
[atharvakhole.myportfolio.com/hard-hat.html]
[pro2-bar-s3-cdn-cf3.myportfolio.com/b107f0d4-1d73-44da-a350-5d1fdafd38e7/ef62c393-3bb1-4df8-9537-aaa65da402dac385.jpg]
[pro2-bar-s3-cdn-cf3.myportfolio.com/b107f0d4-1d73-44da-a350-5d1fdafd38e7/ef62c393-3bb1-4df8-9537-aaa65da402da_rw_19206e7c.jpg]
[pro2-bar-s3-cdn-cf1.myportfolio.com/b107f0d4-1d73-44da-a350-5d1fdafd38e7/2bc82b7c-bd30-4545-bceb-1836bd19ff21e47c.png]
[pro2-bar-s3-cdn-cf1.myportfolio.com/b107f0d4-1d73-44da-a350-5d1fdafd38e7/2bc82b7c-bd30-4545-bceb-1836bd19ff21_rw_1920ab14.png]
[pro2-bar-s3-cdn-cf5.myportfolio.com/b107f0d4-1d73-44da-a350-5d1fdafd38e7/675862d2-3d3c-4a4c-ab7a-58d6d0eb85314898.png]
[pro2-bar-s3-cdn-cf5.myportfolio.com/b107f0d4-1d73-44da-a350-5d1fdafd38e7/675862d2-3d3c-4a4c-ab7a-58d6d0eb8531_rw_12001441.png]
[pro2-bar-s3-cdn-cf.myportfolio.com/b107f0d4-1d73-44da-a350-5d1fdafd38e7/8090ad99-546d-4e66-b39a-20d60206c70c52f9.png]
[pro2-bar-s3-cdn-cf.myportfolio.com/b107f0d4-1d73-44da-a350-5d1fdafd38e7/8090ad99-546d-4e66-b39a-20d60206c70c_rw_12002bd1.png]
[pro2-bar-s3-cdn-cf3.myportfolio.com/b107f0d4-1d73-44da-a350-5d1fdafd38e7/e2ad71be-1d2c-4df7-82b3-cf3f213274580ad2.png]
[pro2-bar-s3-cdn-cf3.myportfolio.com/b107f0d4-1d73-44da-a350-5d1fdafd38e7/e2ad71be-1d2c-4df7-82b3-cf3f21327458_rw_19201310.png]
[pro2-bar-s3-cdn-cf3.myportfolio.com/b107f0d4-1d73-44da-a350-5d1fdafd38e7/e759134e-3279-4551-98f1-c230773fafbc5873.png]
[pro2-bar-s3-cdn-cf3.myportfolio.com/b107f0d4-1d73-44da-a350-5d1fdafd38e7/e759134e-3279-4551-98f1-c230773fafbc_rw_192071b1.png]
[atharvakhole.myportfolio.com/forgotten.html]
[pro2-bar-s3-cdn-cf4.myportfolio.com/b107f0d4-1d73-44da-a350-5d1fdafd38e7/5b1f3e61-e6a8-497a-a0ce-3f61cb58b214463e.jpg]
[pro2-bar-s3-cdn-cf4.myportfolio.com/b107f0d4-1d73-44da-a350-5d1fdafd38e7/5b1f3e61-e6a8-497a-a0ce-3f61cb58b214_rw_38402075.jpg]
[atharvakhole.myportfolio.com/quarantine.html]
[atharvakhole.myportfolio.com/boink.html]
[atharvakhole.myportfolio.com/sad-boi.html]
[atharvakhole.myportfolio.com/the-world-without-us.html]
[pro2-bar-s3-cdn-cf3.myportfolio.com/b107f0d4-1d73-44da-a350-5d1fdafd38e7/e7aec6028a52cfba18550544ebf925d016378750904f45.css]
[pro2-bar-s3-cdn-cf6.myportfolio.com/b107f0d4-1d73-44da-a350-5d1fdafd38e7/7a08182a3d9566ec76a5358d110d6e5216378750902000.css]
[pro2-bar-s3-cdn-cf6.myportfolio.com/b107f0d4-1d73-44da-a350-5d1fdafd38e7/a306a5a149544af5ac2cad55a457dc9116378750900dc3.css]
[pro2-bar-s3-cdn-cf6.myportfolio.com/b107f0d4-1d73-44da-a350-5d1fdafd38e7/717829a48b5fad64747b7bf2f577ae7316378750902eec.css]
[pro2-bar-s3-cdn-cf5.myportfolio.com/b107f0d4-1d73-44da-a350-5d1fdafd38e7/69afd079066baa6bc084f1b72855bf471637875090826f.css]
[pro2-bar-s3-cdn-cf2.myportfolio.com/b107f0d4-1d73-44da-a350-5d1fdafd38e7/340b57faf3c912f44dd1d4b94298dcd716378750900592.css]
[pro2-bar-s3-cdn-cf.myportfolio.com/b107f0d4-1d73-44da-a350-5d1fdafd38e7/b3c8b5a8b8bf457e4afc75d0299fdecb163787509039d4.css]
